<?xml version="1.0" encoding="utf-8"?><testsuites><testsuite name="pytest" errors="0" failures="0" skipped="0" tests="15" time="0.340" timestamp="2024-01-04T10:14:32.559903" hostname="MacBook-Pro-van-Mark.local"><testcase classname="tests.test_dcat_serializer" name="test_empty_xnat" time="0.013" /><testcase classname="tests.test_dcat_serializer" name="test_valid_project" time="0.004" /><testcase classname="tests.test_dcat_serializer" name="test_empty_description" time="0.001" /><testcase classname="tests.test_dcat_serializer" name="test_invalid_PI" time="0.001" /><testcase classname="tests.test_dcat_serializer" name="test_no_keywords" time="0.003" /><testcase classname="tests.test_envvars" name="test_anonymous_envhost" time="0.001" /><testcase classname="tests.test_envvars" name="test_anonymous_envhost2" time="0.001" /><testcase classname="tests.test_envvars" name="test_anonymous_prioritization" time="0.001" /><testcase classname="tests.test_private" name="test_private_project_capitalization[public-False]" time="0.010" /><testcase classname="tests.test_private" name="test_private_project_capitalization[PUBLIC-False]" time="0.006" /><testcase classname="tests.test_private" name="test_private_project_capitalization[protected-False]" time="0.005" /><testcase classname="tests.test_private" name="test_private_project_capitalization[ProTected-False]" time="0.005" /><testcase classname="tests.test_private" name="test_private_project_capitalization[private-True]" time="0.005" /><testcase classname="tests.test_private" name="test_private_project_capitalization[Private-True]" time="0.006" /><testcase classname="tests.test_private" name="test_private_project_invalid_value" time="0.006" /></testsuite></testsuites>